app/build/intermediates/manifest_merge_blame_file/debug/manifest-merger-blame-debug-report.txt
1<?xml version="1.0" encoding="utf-8"?>
2<manifest xmlns:android="http://schemas.android.com/apk/res/android"
3    package="com.example.myapplication"
4    android:configChanges="orientation|keyboardHidden|screenSize"
5    android:versionCode="1"
6    android:versionName="1.0" >
7
8    <uses-sdk
9        android:minSdkVersion="22"
9-->src\main\AndroidManifest.xml
10        android:targetSdkVersion="30" />
10-->src\main\AndroidManifest.xml
11
12    <uses-permission android:name="android.permission.CAMERA" />
12-->src\main\AndroidManifest.xml:7:5-65
12-->src\main\AndroidManifest.xml:7:22-62
13    <uses-permission android:name="android.permission.WRITE_EXTERNAL_STORAGE" />
13-->src\main\AndroidManifest.xml:8:5-81
13-->src\main\AndroidManifest.xml:8:22-78
14    <uses-permission android:name="android.permission.VIBRATE" />
14-->src\main\AndroidManifest.xml:9:5-66
14-->src\main\AndroidManifest.xml:9:22-63
15    <uses-permission android:name="android.permission.FLASHLIGHT" />
15-->src\main\AndroidManifest.xml:10:5-69
15-->src\main\AndroidManifest.xml:10:22-66
16    <uses-permission android:name="android.permission.READ_CONTACTS" />
16-->src\main\AndroidManifest.xml:11:5-72
16-->src\main\AndroidManifest.xml:11:22-69
17    <uses-permission android:name="android.permission.READ_CALENDAR" />
17-->src\main\AndroidManifest.xml:12:5-72
17-->src\main\AndroidManifest.xml:12:22-69
18    <uses-permission android:name="android.permission.WRITE_CALENDAR" />
18-->src\main\AndroidManifest.xml:13:5-73
18-->src\main\AndroidManifest.xml:13:22-70
19
20    <permission
20-->src\main\AndroidManifest.xml:15:5-18:44
21        android:name="android.permission.FLASHLIGHT"
21-->src\main\AndroidManifest.xml:16:9-53
22        android:permissionGroup="android.permission-group.HARDWARE_CONTROLS"
22-->src\main\AndroidManifest.xml:17:9-77
23        android:protectionLevel="normal" />
23-->src\main\AndroidManifest.xml:18:9-41
24
25    <uses-permission android:name="android.permission.READ_EXTERNAL_STORAGE" />
26
27    <application
27-->src\main\AndroidManifest.xml:20:5-89:19
28        android:allowBackup="true"
28-->src\main\AndroidManifest.xml:21:9-35
29        android:appComponentFactory="androidx.core.app.CoreComponentFactory"
29-->[androidx.core:core:1.7.0-alpha01] AndroidManifest.xml:24:18-86
30        android:debuggable="true"
31        android:icon="@mipmap/ic_launcher_forsan"
31-->src\main\AndroidManifest.xml:22:9-50
32        android:label="@string/app_name"
32-->src\main\AndroidManifest.xml:23:9-41
33        android:roundIcon="@mipmap/ic_launcher_forsan_round"
33-->src\main\AndroidManifest.xml:24:9-61
34        android:supportsRtl="true"
34-->src\main\AndroidManifest.xml:25:9-35
35        android:theme="@style/Theme.MyApplication" >
35-->src\main\AndroidManifest.xml:26:9-51
36        <activity android:name="com.example.qrcodescanner.ScannerSettingsActivity" />
36-->src\main\AndroidManifest.xml:27:9-70
36-->src\main\AndroidManifest.xml:27:19-58
37        <activity android:name="com.example.qrcodescanner.ResultPicker" />
37-->src\main\AndroidManifest.xml:28:9-50
37-->src\main\AndroidManifest.xml:28:19-47
38
39        <service
39-->src\main\AndroidManifest.xml:30:9-33:39
40            android:name="com.example.qrcodescanner.MyService"
40-->src\main\AndroidManifest.xml:31:13-38
41            android:enabled="true"
41-->src\main\AndroidManifest.xml:32:13-35
42            android:exported="true" />
42-->src\main\AndroidManifest.xml:33:13-36
43
44        <activity android:name="com.example.qrcodescanner.IconPicker" />
44-->src\main\AndroidManifest.xml:35:9-48
44-->src\main\AndroidManifest.xml:35:19-45
45
46        <receiver android:name="com.example.qrcodescanner.NewAppWidget" >
46-->src\main\AndroidManifest.xml:37:9-45:20
46-->src\main\AndroidManifest.xml:37:19-47
47            <intent-filter>
47-->src\main\AndroidManifest.xml:38:13-40:29
48                <action android:name="android.appwidget.action.APPWIDGET_UPDATE" />
48-->src\main\AndroidManifest.xml:39:17-84
48-->src\main\AndroidManifest.xml:39:25-81
49            </intent-filter>
50
51            <meta-data
51-->src\main\AndroidManifest.xml:42:13-44:63
52                android:name="android.appwidget.provider"
52-->src\main\AndroidManifest.xml:43:17-58
53                android:resource="@xml/new_app_widget_info" />
53-->src\main\AndroidManifest.xml:44:17-60
54        </receiver>
55
56        <activity android:name="com.example.qrcodescanner.PicViewActivity" >
56-->src\main\AndroidManifest.xml:47:9-51:20
56-->src\main\AndroidManifest.xml:47:19-50
57            <intent-filter>
57-->src\main\AndroidManifest.xml:48:13-50:29
58                <action android:name="android.intent.action.MAIN" />
58-->src\main\AndroidManifest.xml:49:17-69
58-->src\main\AndroidManifest.xml:49:25-66
59            </intent-filter>
60        </activity>
61
62        <meta-data
62-->src\main\AndroidManifest.xml:53:9-55:39
63            android:name="com.google.android.gms.vision.DEPENDENCIES"
63-->src\main\AndroidManifest.xml:54:13-70
64            android:value="barcode" />
64-->src\main\AndroidManifest.xml:55:13-36
65
66        <activity
66-->src\main\AndroidManifest.xml:57:9-65:20
67            android:name="com.example.qrcodescanner.StartActivityActivity"
67-->src\main\AndroidManifest.xml:58:13-50
68            android:theme="@style/Theme.AppCompat.DayNight" >
68-->src\main\AndroidManifest.xml:59:13-60
69            <intent-filter>
69-->src\main\AndroidManifest.xml:60:13-64:29
70                <action android:name="android.intent.action.MAIN" />
70-->src\main\AndroidManifest.xml:49:17-69
70-->src\main\AndroidManifest.xml:49:25-66
71
72                <category android:name="android.intent.category.LAUNCHER" />
72-->src\main\AndroidManifest.xml:63:17-77
72-->src\main\AndroidManifest.xml:63:27-74
73            </intent-filter>
74        </activity>
75        <activity
75-->src\main\AndroidManifest.xml:66:9-78:20
76            android:name="com.example.qrcodescanner.MainActivity"
76-->src\main\AndroidManifest.xml:67:13-41
77            android:screenOrientation="portrait" >
77-->src\main\AndroidManifest.xml:68:13-49
78            <intent-filter android:label="Создать QR-код" >
78-->src\main\AndroidManifest.xml:69:13-77:29
78-->src\main\AndroidManifest.xml:69:28-58
79                <action android:name="android.intent.action.SEND" />
79-->src\main\AndroidManifest.xml:70:17-69
79-->src\main\AndroidManifest.xml:70:25-66
80
81                <category android:name="android.intent.category.DEFAULT" />
81-->src\main\AndroidManifest.xml:72:17-76
81-->src\main\AndroidManifest.xml:72:27-73
82
83                <data android:mimeType="text/plain" />
83-->src\main\AndroidManifest.xml:74:17-55
83-->src\main\AndroidManifest.xml:74:23-52
84                <data android:mimeType="text/x-vcard" />
84-->src\main\AndroidManifest.xml:74:17-55
84-->src\main\AndroidManifest.xml:74:23-52
85                <data android:mimeType="text/x-vcalendar" />
85-->src\main\AndroidManifest.xml:74:17-55
85-->src\main\AndroidManifest.xml:74:23-52
86            </intent-filter>
87        </activity>
88
89        <provider
90            android:name="androidx.core.content.FileProvider"
90-->src\main\AndroidManifest.xml:81:13-62
91            android:authorities="com.example.myapplication.provider"
91-->src\main\AndroidManifest.xml:82:13-60
92            android:exported="false"
92-->src\main\AndroidManifest.xml:83:13-37
93            android:grantUriPermissions="true" >
93-->src\main\AndroidManifest.xml:84:13-47
94            <meta-data
94-->src\main\AndroidManifest.xml:85:13-87:58
95                android:name="android.support.FILE_PROVIDER_PATHS"
95-->src\main\AndroidManifest.xml:86:17-67
96                android:resource="@xml/provider_paths" />
96-->src\main\AndroidManifest.xml:87:17-55
97        </provider>
98
99        <activity
99-->[com.google.android.gms:play-services-base:17.4.0] AndroidManifest.xml:23:9-26:75
100            android:name="com.google.android.gms.common.api.GoogleApiActivity"
100-->[com.google.android.gms:play-services-base:17.4.0] AndroidManifest.xml:24:13-79
101            android:exported="false"
101-->[com.google.android.gms:play-services-base:17.4.0] AndroidManifest.xml:25:13-37
102            android:theme="@android:style/Theme.Translucent.NoTitleBar" />
102-->[com.google.android.gms:play-services-base:17.4.0] AndroidManifest.xml:26:13-72
103
104        <meta-data
104-->[com.google.android.gms:play-services-basement:17.4.0] AndroidManifest.xml:23:9-25:69
105            android:name="com.google.android.gms.version"
105-->[com.google.android.gms:play-services-basement:17.4.0] AndroidManifest.xml:24:13-58
106            android:value="@integer/google_play_services_version" />
106-->[com.google.android.gms:play-services-basement:17.4.0] AndroidManifest.xml:25:13-66
107    </application>
108
109</manifest>